<?xml version="1.0" encoding="UTF-8"?>
<!-- Generated by org.testng.reporters.JUnitReportReporter -->
<testsuite skipped="0" hostname="BS-784" name="proctoring.testcases.LoginPageTest" tests="12" failures="0" timestamp="27 Apr 2022 13:42:11 GMT" time="51.868" errors="0">
  <testcase name="loginTest" time="8.879" classname="proctoring.testcases.LoginPageTest"/>
  <testcase name="course" time="3.862" classname="proctoring.testcases.LoginPageTest"/>
  <testcase name="quiz" time="7.101" classname="proctoring.testcases.LoginPageTest"/>
  <testcase name="attempt" time="3.067" classname="proctoring.testcases.LoginPageTest"/>
  <testcase name="validation" time="3.060" classname="proctoring.testcases.LoginPageTest"/>
  <testcase name="start" time="4.103" classname="proctoring.testcases.LoginPageTest"/>
  <testcase name="quiz1" time="3.154" classname="proctoring.testcases.LoginPageTest"/>
  <testcase name="quiz2" time="3.051" classname="proctoring.testcases.LoginPageTest"/>
  <testcase name="finish" time="4.269" classname="proctoring.testcases.LoginPageTest"/>
  <testcase name="submit1" time="3.102" classname="proctoring.testcases.LoginPageTest"/>
  <testcase name="submit2" time="4.371" classname="proctoring.testcases.LoginPageTest"/>
  <testcase name="review" time="3.849" classname="proctoring.testcases.LoginPageTest"/>
</testsuite> <!-- proctoring.testcases.LoginPageTest -->
